### App Versions
```
{
	"erpnext": "15.30.0",
	"frappe": "15.35.0",
	"frappe_ocr_app": "0.0.1",
	"frappe_zk_integration_app": "0.0.1",
	"globaltek": "0.0.1",
	"hrms": "15.24.0"
}
```
### Route
```
Form/Salary Slip/Sal Slip/10664/00001
```
### Traceback
```
Traceback (most recent call last):
  File "apps/frappe/frappe/app.py", line 114, in application
    response = frappe.api.handle(request)
               ^^^^^^^^^^^^^^^^^^^^^^^^^^
  File "apps/frappe/frappe/api/__init__.py", line 49, in handle
    data = endpoint(**arguments)
           ^^^^^^^^^^^^^^^^^^^^^
  File "apps/frappe/frappe/api/v1.py", line 36, in handle_rpc_call
    return frappe.handler.handle()
           ^^^^^^^^^^^^^^^^^^^^^^^
  File "apps/frappe/frappe/handler.py", line 49, in handle
    data = execute_cmd(cmd)
           ^^^^^^^^^^^^^^^^
  File "apps/frappe/frappe/handler.py", line 85, in execute_cmd
    return frappe.call(method, **frappe.form_dict)
           ^^^^^^^^^^^^^^^^^^^^^^^^^^^^^^^^^^^^^^^
  File "apps/frappe/frappe/__init__.py", line 1768, in call
    return fn(*args, **newargs)
           ^^^^^^^^^^^^^^^^^^^^
  File "apps/frappe/frappe/handler.py", line 330, in run_doc_method
    response = doc.run_method(method)
               ^^^^^^^^^^^^^^^^^^^^^^
  File "apps/frappe/frappe/model/document.py", line 962, in run_method
    out = Document.hook(fn)(self, *args, **kwargs)
          ^^^^^^^^^^^^^^^^^^^^^^^^^^^^^^^^^^^^^^^^
  File "apps/frappe/frappe/model/document.py", line 1322, in composer
    return composed(self, method, *args, **kwargs)
           ^^^^^^^^^^^^^^^^^^^^^^^^^^^^^^^^^^^^^^^
  File "apps/frappe/frappe/model/document.py", line 1304, in runner
    add_to_return_value(self, fn(self, *args, **kwargs))
                              ^^^^^^^^^^^^^^^^^^^^^^^^^
  File "apps/frappe/frappe/model/document.py", line 959, in fn
    return method_object(*args, **kwargs)
           ^^^^^^^^^^^^^^^^^^^^^^^^^^^^^^
  File "apps/frappe/frappe/utils/typing_validations.py", line 31, in wrapper
    return func(*args, **kwargs)
           ^^^^^^^^^^^^^^^^^^^^^
  File "apps/hrms/hrms/payroll/doctype/salary_slip/salary_slip.py", line 325, in get_emp_and_working_day_details
    self.pull_sal_struct()
  File "apps/hrms/hrms/payroll/doctype/salary_slip/salary_slip.py", line 399, in pull_sal_struct
    make_salary_slip(self._salary_structure_doc.name, self)
  File "apps/frappe/frappe/utils/typing_validations.py", line 31, in wrapper
    return func(*args, **kwargs)
           ^^^^^^^^^^^^^^^^^^^^^
  File "apps/hrms/hrms/payroll/doctype/salary_structure/salary_structure.py", line 371, in make_salary_slip
    doc = get_mapped_doc(
          ^^^^^^^^^^^^^^^
  File "apps/frappe/frappe/model/mapper.py", line 150, in get_mapped_doc
    postprocess(source_doc, target_doc)
  File "apps/hrms/hrms/payroll/doctype/salary_structure/salary_structure.py", line 369, in postprocess
    target.run_method("process_salary_structure", for_preview=for_preview)
  File "apps/frappe/frappe/model/document.py", line 962, in run_method
    out = Document.hook(fn)(self, *args, **kwargs)
          ^^^^^^^^^^^^^^^^^^^^^^^^^^^^^^^^^^^^^^^^
  File "apps/frappe/frappe/model/document.py", line 1322, in composer
    return composed(self, method, *args, **kwargs)
           ^^^^^^^^^^^^^^^^^^^^^^^^^^^^^^^^^^^^^^^
  File "apps/frappe/frappe/model/document.py", line 1304, in runner
    add_to_return_value(self, fn(self, *args, **kwargs))
                              ^^^^^^^^^^^^^^^^^^^^^^^^^
  File "apps/frappe/frappe/model/document.py", line 959, in fn
    return method_object(*args, **kwargs)
           ^^^^^^^^^^^^^^^^^^^^^^^^^^^^^^
  File "apps/hrms/hrms/payroll/doctype/salary_slip/salary_slip.py", line 1883, in process_salary_structure
    self.calculate_net_pay()
  File "apps/hrms/hrms/payroll/doctype/salary_slip/salary_slip.py", line 778, in calculate_net_pay
    self.calculate_component_amounts("deductions")
  File "apps/hrms/hrms/payroll/doctype/salary_slip/salary_slip.py", line 1065, in calculate_component_amounts
    self.add_structure_components(component_type)
  File "apps/hrms/hrms/payroll/doctype/salary_slip/salary_slip.py", line 1106, in add_structure_components
    or (not remove_if_zero_valued and amount is not None and not self.data[struct_row.abbr])
                                                                 ~~~~~~~~~^^^^^^^^^^^^^^^^^
KeyError: 'SC'

```
### Request Data
```
{
	"type": "POST",
	"args": {
		"docs": "{\"docstatus\":0,\"doctype\":\"Salary Slip\",\"name\":\"new-salary-slip-fzxebhkaeh\",\"__islocal\":1,\"__unsaved\":1,\"owner\":\"Administrator\",\"posting_date\":\"2024-08-08\",\"letter_head\":\"LOGO_2\",\"status\":\"Draft\",\"company\":\"GlobalTek\",\"currency\":\"IQD\",\"exchange_rate\":1,\"payroll_frequency\":\"Monthly\",\"salary_slip_based_on_timesheet\":0,\"deduct_tax_for_unclaimed_employee_benefits\":0,\"deduct_tax_for_unsubmitted_tax_exemption_proof\":0,\"timesheets\":[],\"earnings\":[],\"deductions\":[],\"leave_details\":[],\"payroll_entry\":\"HR-PRUN-2024-00019\",\"end_date\":\"\",\"employee_name\":\"Hasan BASIM Basim Hussain Muhammad Al-Shahmani\",\"department\":\"Preventive - G\",\"designation\":\"Associate\",\"branch\":null,\"employee\":\"6111\"}",
		"method": "get_emp_and_working_day_details"
	},
	"headers": {},
	"error_handlers": {},
	"url": "/api/method/run_doc_method",
	"request_id": null
}
```
### Response Data
```
{
	"exception": "KeyError: 'SC'",
	"exc_type": "KeyError",
	"_exc_source": "hrms (app)"
}
```